heating_system.adb:10:07: error: missing case values: 0 .. 20
heating_system.adb:14:20: error: expected type "Temperature" defined at heating_system.ads:3
heating_system.adb:14:20: error: found type "Standard.Boolean"
heating_system.adb:22:20: error: expected type "Temperature" defined at heating_system.ads:3
heating_system.adb:22:20: error: found type "Standard.Boolean"
